MATLAB is selecting SOFTWARE OPENGL rendering.

                            < M A T L A B (R) >
                  Copyright 1984-2020 The MathWorks, Inc.
                  R2020a (9.8.0.1323502) 64-bit (glnxa64)
                             February 25, 2020

 
To get started, type doc.
For product information, visit www.mathworks.com.
 
[Warning: MATLAB has disabled some advanced graphics rendering features by
switching to software OpenGL. For more information, click <a
href="matlab:opengl('problems')">here</a>.] 
Optimization terminated: maximum number of generations exceeded.
UUV_test:training ieration 1 
{Error using load
Unable to read file
'Datalog-2020-10-21-22-36-Adapt\20201022T005745-ga-multiobj-adaptive-iter-10-1.mat'.
No such file or directory.

Error in initialize_variables_adaptive (line 70)
    pre_result = load(strcat(datafolder,'\',name));

Error in gamultiobjMakeState (line 23)
    state.Population =
    feval(options.CreationFcn,GenomeLength,FitnessFcn,options,options.CreationFcnArgs{:});

Error in gamultiobjsolve (line 8)
state =
gamultiobjMakeState(GenomeLength,FitnessFcn,ConstrFcn,output.problemtype,options);

Error in gamultiobj (line 303)
[x,fval,exitFlag,output,population,scores] = gamultiobjsolve(FitnessFcn,nvars,
...

Error in UUV_test_adaptive (line 64)
    [x,fval,exitflag,output,population,scores] =
    gamultiobj(@uuv_normal_test,4*num_incidents,[],[],[],[],lb,ub,@myconuuv_normal_test,options);} 
