2021-01-16 22:17:38,155 [MainThread  ] [INFO ]  Output file (function values): C:\Users\lenovo\Documents\GitHub\Requirements-Driven-Testing-For-AUSs\Req_SBT_new\Adapt_Priority/Overtake_Datalog_Req3_DS_RS_IS_25_2021_01_16_22\FUN.0_Adapt_Priority.CarBehindAndInFrontProblem
2021-01-16 22:17:38,156 [MainThread  ] [INFO ]  Output file (variables): C:\Users\lenovo\Documents\GitHub\Requirements-Driven-Testing-For-AUSs\Req_SBT_new\Adapt_Priority/Overtake_Datalog_Req3_DS_RS_IS_25_2021_01_16_22\VAR.0_Adapt_Priority.CarBehindAndInFrontProblem
2021-01-16 22:28:36,917 [MainThread  ] [INFO ]  Output file (function values): C:\Users\lenovo\Documents\GitHub\Requirements-Driven-Testing-For-AUSs\Req_SBT_new\Adapt_Priority/Overtake_Datalog_Req3_DS_RS_IS_25_2021_01_16_22\FUN.0_Adapt_Priority.CarBehindAndInFrontProblem
2021-01-16 22:28:36,918 [MainThread  ] [INFO ]  Output file (variables): C:\Users\lenovo\Documents\GitHub\Requirements-Driven-Testing-For-AUSs\Req_SBT_new\Adapt_Priority/Overtake_Datalog_Req3_DS_RS_IS_25_2021_01_16_22\VAR.0_Adapt_Priority.CarBehindAndInFrontProblem
2021-01-20 23:30:12,650 [MainThread  ] [INFO ]  Output file (function values): C:\Users\lenovo\Documents\GitHub\Requirements-Driven-Testing-For-AUSs\Req_SBT_new\Adapt_Priority/Overtake_Datalog_Req2_DS_RS_IS_2021_01_20_23\FUN.0_Adapt_Priority.CarBehindAndInFrontProblem
2021-01-20 23:30:12,825 [MainThread  ] [INFO ]  Output file (variables): C:\Users\lenovo\Documents\GitHub\Requirements-Driven-Testing-For-AUSs\Req_SBT_new\Adapt_Priority/Overtake_Datalog_Req2_DS_RS_IS_2021_01_20_23\VAR.0_Adapt_Priority.CarBehindAndInFrontProblem
2021-01-20 23:34:25,811 [MainThread  ] [INFO ]  Output file (function values): C:\Users\lenovo\Documents\GitHub\Requirements-Driven-Testing-For-AUSs\Req_SBT_new\Adapt_Priority/Overtake_Datalog_Req2_DS_RS_IS_2021_01_20_23\FUN.1_Adapt_Priority.CarBehindAndInFrontProblem
2021-01-20 23:34:25,907 [MainThread  ] [INFO ]  Output file (variables): C:\Users\lenovo\Documents\GitHub\Requirements-Driven-Testing-For-AUSs\Req_SBT_new\Adapt_Priority/Overtake_Datalog_Req2_DS_RS_IS_2021_01_20_23\VAR.1_Adapt_Priority.CarBehindAndInFrontProblem
2021-01-20 23:43:21,891 [MainThread  ] [INFO ]  Output file (function values): C:\Users\lenovo\Documents\GitHub\Requirements-Driven-Testing-For-AUSs\Req_SBT_new\Adapt_Priority/Overtake_Datalog_Req2_DS_RS_IS_2021_01_20_23\FUN.2_Adapt_Priority.CarBehindAndInFrontProblem
2021-01-20 23:43:24,458 [MainThread  ] [INFO ]  Output file (variables): C:\Users\lenovo\Documents\GitHub\Requirements-Driven-Testing-For-AUSs\Req_SBT_new\Adapt_Priority/Overtake_Datalog_Req2_DS_RS_IS_2021_01_20_23\VAR.2_Adapt_Priority.CarBehindAndInFrontProblem
2021-02-17 21:53:29,594 [MainThread  ] [INFO ]  Output file (function values): /gpfs/share/home/1801213680/luoyixing/Req_SBT_new/Adapt_Priority/Overtake_Datalog_Req3_DS_IS_2021_02_17_14_34/FUN.0_Adapt_Priority.CarBehindAndInFrontProblem
2021-02-17 21:53:29,598 [MainThread  ] [INFO ]  Output file (variables): /gpfs/share/home/1801213680/luoyixing/Req_SBT_new/Adapt_Priority/Overtake_Datalog_Req3_DS_IS_2021_02_17_14_34/VAR.0_Adapt_Priority.CarBehindAndInFrontProblem
2021-02-17 22:21:06,267 [MainThread  ] [INFO ]  Output file (function values): /gpfs/share/home/1801213680/luoyixing/Req_SBT_new/Adapt_Priority/TurnRight_Datalog_Req3_DS_IS_2021_02_17_14_33/FUN.0_Adapt_Priority.TurnRightProblem
2021-02-17 22:21:06,274 [MainThread  ] [INFO ]  Output file (variables): /gpfs/share/home/1801213680/luoyixing/Req_SBT_new/Adapt_Priority/TurnRight_Datalog_Req3_DS_IS_2021_02_17_14_33/VAR.0_Adapt_Priority.TurnRightProblem
2021-02-17 22:29:19,595 [MainThread  ] [INFO ]  Output file (function values): /gpfs/share/home/1801213680/luoyixing/Req_SBT_new/Adapt_Priority/TurnRight_Datalog_Req3_DS_IS_2021_02_17_14_39/FUN.0_Adapt_Priority.TurnRightProblem
2021-02-17 22:29:19,601 [MainThread  ] [INFO ]  Output file (variables): /gpfs/share/home/1801213680/luoyixing/Req_SBT_new/Adapt_Priority/TurnRight_Datalog_Req3_DS_IS_2021_02_17_14_39/VAR.0_Adapt_Priority.TurnRightProblem
2021-02-17 23:49:35,218 [MainThread  ] [INFO ]  Output file (function values): /gpfs/share/home/1801213680/luoyixing/Req_SBT_new/Adapt_Priority/Overtake_Datalog_Req3_DS_IS_2021_02_17_14_38/FUN.0_Adapt_Priority.CarBehindAndInFrontProblem
2021-02-17 23:49:35,234 [MainThread  ] [INFO ]  Output file (variables): /gpfs/share/home/1801213680/luoyixing/Req_SBT_new/Adapt_Priority/Overtake_Datalog_Req3_DS_IS_2021_02_17_14_38/VAR.0_Adapt_Priority.CarBehindAndInFrontProblem
2021-02-18 00:35:01,318 [MainThread  ] [INFO ]  Output file (function values): /gpfs/share/home/1801213680/luoyixing/Req_SBT_new/Adapt_Priority/Overtake_Datalog_Req3_DS_IS_2021_02_17_14_32/FUN.0_Adapt_Priority.CarBehindAndInFrontProblem
2021-02-18 00:35:01,342 [MainThread  ] [INFO ]  Output file (variables): /gpfs/share/home/1801213680/luoyixing/Req_SBT_new/Adapt_Priority/Overtake_Datalog_Req3_DS_IS_2021_02_17_14_32/VAR.0_Adapt_Priority.CarBehindAndInFrontProblem
2021-02-18 02:01:34,471 [MainThread  ] [INFO ]  Output file (function values): /gpfs/share/home/1801213680/luoyixing/Req_SBT_new/Adapt_Priority/Overtake_Datalog_Req3_DS_IS_2021_02_17_14_34/FUN.1_Adapt_Priority.CarBehindAndInFrontProblem
2021-02-18 02:01:34,496 [MainThread  ] [INFO ]  Output file (variables): /gpfs/share/home/1801213680/luoyixing/Req_SBT_new/Adapt_Priority/Overtake_Datalog_Req3_DS_IS_2021_02_17_14_34/VAR.1_Adapt_Priority.CarBehindAndInFrontProblem
2021-02-18 02:19:29,347 [MainThread  ] [INFO ]  Output file (function values): /gpfs/share/home/1801213680/luoyixing/Req_SBT_new/Adapt_Priority/TurnRight_Datalog_Req3_DS_IS_2021_02_17_14_33/FUN.1_Adapt_Priority.TurnRightProblem
2021-02-18 02:19:29,351 [MainThread  ] [INFO ]  Output file (variables): /gpfs/share/home/1801213680/luoyixing/Req_SBT_new/Adapt_Priority/TurnRight_Datalog_Req3_DS_IS_2021_02_17_14_33/VAR.1_Adapt_Priority.TurnRightProblem
2021-02-18 02:22:50,282 [MainThread  ] [INFO ]  Output file (function values): /gpfs/share/home/1801213680/luoyixing/Req_SBT_new/Adapt_Priority/TurnRight_Datalog_Req3_DS_IS_2021_02_17_14_39/FUN.1_Adapt_Priority.TurnRightProblem
2021-02-18 02:22:50,285 [MainThread  ] [INFO ]  Output file (variables): /gpfs/share/home/1801213680/luoyixing/Req_SBT_new/Adapt_Priority/TurnRight_Datalog_Req3_DS_IS_2021_02_17_14_39/VAR.1_Adapt_Priority.TurnRightProblem
2021-02-18 04:32:59,201 [MainThread  ] [INFO ]  Output file (function values): /gpfs/share/home/1801213680/luoyixing/Req_SBT_new/Adapt_Priority/Overtake_Datalog_Req3_DS_IS_2021_02_17_14_38/FUN.1_Adapt_Priority.CarBehindAndInFrontProblem
2021-02-18 04:32:59,216 [MainThread  ] [INFO ]  Output file (variables): /gpfs/share/home/1801213680/luoyixing/Req_SBT_new/Adapt_Priority/Overtake_Datalog_Req3_DS_IS_2021_02_17_14_38/VAR.1_Adapt_Priority.CarBehindAndInFrontProblem
2021-02-18 05:20:18,560 [MainThread  ] [INFO ]  Output file (function values): /gpfs/share/home/1801213680/luoyixing/Req_SBT_new/Adapt_Priority/Overtake_Datalog_Req3_DS_IS_2021_02_17_14_32/FUN.1_Adapt_Priority.CarBehindAndInFrontProblem
2021-02-18 05:20:18,566 [MainThread  ] [INFO ]  Output file (variables): /gpfs/share/home/1801213680/luoyixing/Req_SBT_new/Adapt_Priority/Overtake_Datalog_Req3_DS_IS_2021_02_17_14_32/VAR.1_Adapt_Priority.CarBehindAndInFrontProblem
2021-02-18 06:15:52,475 [MainThread  ] [INFO ]  Output file (function values): /gpfs/share/home/1801213680/luoyixing/Req_SBT_new/Adapt_Priority/Overtake_Datalog_Req3_DS_IS_2021_02_17_14_34/FUN.2_Adapt_Priority.CarBehindAndInFrontProblem
2021-02-18 06:15:52,495 [MainThread  ] [INFO ]  Output file (variables): /gpfs/share/home/1801213680/luoyixing/Req_SBT_new/Adapt_Priority/Overtake_Datalog_Req3_DS_IS_2021_02_17_14_34/VAR.2_Adapt_Priority.CarBehindAndInFrontProblem
2021-02-18 06:21:07,590 [MainThread  ] [INFO ]  Output file (function values): /gpfs/share/home/1801213680/luoyixing/Req_SBT_new/Adapt_Priority/TurnRight_Datalog_Req3_DS_IS_2021_02_17_14_33/FUN.2_Adapt_Priority.TurnRightProblem
2021-02-18 06:21:07,594 [MainThread  ] [INFO ]  Output file (variables): /gpfs/share/home/1801213680/luoyixing/Req_SBT_new/Adapt_Priority/TurnRight_Datalog_Req3_DS_IS_2021_02_17_14_33/VAR.2_Adapt_Priority.TurnRightProblem
2021-02-18 06:24:23,680 [MainThread  ] [INFO ]  Output file (function values): /gpfs/share/home/1801213680/luoyixing/Req_SBT_new/Adapt_Priority/TurnRight_Datalog_Req3_DS_IS_2021_02_17_14_39/FUN.2_Adapt_Priority.TurnRightProblem
2021-02-18 06:24:23,683 [MainThread  ] [INFO ]  Output file (variables): /gpfs/share/home/1801213680/luoyixing/Req_SBT_new/Adapt_Priority/TurnRight_Datalog_Req3_DS_IS_2021_02_17_14_39/VAR.2_Adapt_Priority.TurnRightProblem
2021-02-18 09:48:51,495 [MainThread  ] [INFO ]  Output file (function values): /gpfs/share/home/1801213680/luoyixing/Req_SBT_new/Adapt_Priority/Overtake_Datalog_Req3_DS_IS_2021_02_17_14_38/FUN.2_Adapt_Priority.CarBehindAndInFrontProblem
2021-02-18 09:48:51,511 [MainThread  ] [INFO ]  Output file (variables): /gpfs/share/home/1801213680/luoyixing/Req_SBT_new/Adapt_Priority/Overtake_Datalog_Req3_DS_IS_2021_02_17_14_38/VAR.2_Adapt_Priority.CarBehindAndInFrontProblem
2021-02-18 09:55:16,657 [MainThread  ] [INFO ]  Output file (function values): /gpfs/share/home/1801213680/luoyixing/Req_SBT_new/Adapt_Priority/Overtake_Datalog_Req3_DS_IS_2021_02_17_14_32/FUN.2_Adapt_Priority.CarBehindAndInFrontProblem
2021-02-18 09:55:16,665 [MainThread  ] [INFO ]  Output file (variables): /gpfs/share/home/1801213680/luoyixing/Req_SBT_new/Adapt_Priority/Overtake_Datalog_Req3_DS_IS_2021_02_17_14_32/VAR.2_Adapt_Priority.CarBehindAndInFrontProblem
2021-02-18 10:19:00,233 [MainThread  ] [INFO ]  Output file (function values): /gpfs/share/home/1801213680/luoyixing/Req_SBT_new/Adapt_Priority/TurnRight_Datalog_Req3_DS_IS_2021_02_17_14_39/FUN.3_Adapt_Priority.TurnRightProblem
2021-02-18 10:19:00,237 [MainThread  ] [INFO ]  Output file (variables): /gpfs/share/home/1801213680/luoyixing/Req_SBT_new/Adapt_Priority/TurnRight_Datalog_Req3_DS_IS_2021_02_17_14_39/VAR.3_Adapt_Priority.TurnRightProblem
2021-02-18 10:20:42,788 [MainThread  ] [INFO ]  Output file (function values): /gpfs/share/home/1801213680/luoyixing/Req_SBT_new/Adapt_Priority/TurnRight_Datalog_Req3_DS_IS_2021_02_17_14_33/FUN.3_Adapt_Priority.TurnRightProblem
2021-02-18 10:20:42,792 [MainThread  ] [INFO ]  Output file (variables): /gpfs/share/home/1801213680/luoyixing/Req_SBT_new/Adapt_Priority/TurnRight_Datalog_Req3_DS_IS_2021_02_17_14_33/VAR.3_Adapt_Priority.TurnRightProblem
2021-02-18 10:30:53,968 [MainThread  ] [INFO ]  Output file (function values): /gpfs/share/home/1801213680/luoyixing/Req_SBT_new/Adapt_Priority/Overtake_Datalog_Req3_DS_IS_2021_02_17_14_34/FUN.3_Adapt_Priority.CarBehindAndInFrontProblem
2021-02-18 10:30:53,973 [MainThread  ] [INFO ]  Output file (variables): /gpfs/share/home/1801213680/luoyixing/Req_SBT_new/Adapt_Priority/Overtake_Datalog_Req3_DS_IS_2021_02_17_14_34/VAR.3_Adapt_Priority.CarBehindAndInFrontProblem
2021-02-18 14:06:49,403 [MainThread  ] [INFO ]  Output file (function values): /gpfs/share/home/1801213680/luoyixing/Req_SBT_new/Adapt_Priority/Overtake_Datalog_Req3_DS_IS_2021_02_17_14_38/FUN.3_Adapt_Priority.CarBehindAndInFrontProblem
2021-02-18 14:06:49,410 [MainThread  ] [INFO ]  Output file (variables): /gpfs/share/home/1801213680/luoyixing/Req_SBT_new/Adapt_Priority/Overtake_Datalog_Req3_DS_IS_2021_02_17_14_38/VAR.3_Adapt_Priority.CarBehindAndInFrontProblem
2021-02-18 14:09:57,272 [MainThread  ] [INFO ]  Output file (function values): /gpfs/share/home/1801213680/luoyixing/Req_SBT_new/Adapt_Priority/TurnRight_Datalog_Req3_DS_IS_2021_02_17_14_33/FUN.4_Adapt_Priority.TurnRightProblem
2021-02-18 14:09:57,277 [MainThread  ] [INFO ]  Output file (variables): /gpfs/share/home/1801213680/luoyixing/Req_SBT_new/Adapt_Priority/TurnRight_Datalog_Req3_DS_IS_2021_02_17_14_33/VAR.4_Adapt_Priority.TurnRightProblem
2021-02-18 14:13:46,604 [MainThread  ] [INFO ]  Output file (function values): /gpfs/share/home/1801213680/luoyixing/Req_SBT_new/Adapt_Priority/TurnRight_Datalog_Req3_DS_IS_2021_02_17_14_39/FUN.4_Adapt_Priority.TurnRightProblem
2021-02-18 14:13:46,607 [MainThread  ] [INFO ]  Output file (variables): /gpfs/share/home/1801213680/luoyixing/Req_SBT_new/Adapt_Priority/TurnRight_Datalog_Req3_DS_IS_2021_02_17_14_39/VAR.4_Adapt_Priority.TurnRightProblem
2021-02-18 14:39:44,534 [MainThread  ] [INFO ]  Output file (function values): /gpfs/share/home/1801213680/luoyixing/Req_SBT_new/Adapt_Priority/Overtake_Datalog_Req3_DS_IS_2021_02_17_14_34/FUN.4_Adapt_Priority.CarBehindAndInFrontProblem
2021-02-18 14:39:44,546 [MainThread  ] [INFO ]  Output file (variables): /gpfs/share/home/1801213680/luoyixing/Req_SBT_new/Adapt_Priority/Overtake_Datalog_Req3_DS_IS_2021_02_17_14_34/VAR.4_Adapt_Priority.CarBehindAndInFrontProblem
2021-02-18 15:06:17,691 [MainThread  ] [INFO ]  Output file (function values): /gpfs/share/home/1801213680/luoyixing/Req_SBT_new/Adapt_Priority/Overtake_Datalog_Req3_DS_IS_2021_02_17_14_32/FUN.3_Adapt_Priority.CarBehindAndInFrontProblem
2021-02-18 15:06:17,699 [MainThread  ] [INFO ]  Output file (variables): /gpfs/share/home/1801213680/luoyixing/Req_SBT_new/Adapt_Priority/Overtake_Datalog_Req3_DS_IS_2021_02_17_14_32/VAR.3_Adapt_Priority.CarBehindAndInFrontProblem
2021-02-18 17:59:56,446 [MainThread  ] [INFO ]  Output file (function values): /gpfs/share/home/1801213680/luoyixing/Req_SBT_new/Adapt_Priority/TurnRight_Datalog_Req3_DS_IS_2021_02_17_14_33/FUN.5_Adapt_Priority.TurnRightProblem
2021-02-18 17:59:56,462 [MainThread  ] [INFO ]  Output file (variables): /gpfs/share/home/1801213680/luoyixing/Req_SBT_new/Adapt_Priority/TurnRight_Datalog_Req3_DS_IS_2021_02_17_14_33/VAR.5_Adapt_Priority.TurnRightProblem
2021-02-18 18:05:58,245 [MainThread  ] [INFO ]  Output file (function values): /gpfs/share/home/1801213680/luoyixing/Req_SBT_new/Adapt_Priority/TurnRight_Datalog_Req3_DS_IS_2021_02_17_14_39/FUN.5_Adapt_Priority.TurnRightProblem
2021-02-18 18:05:58,248 [MainThread  ] [INFO ]  Output file (variables): /gpfs/share/home/1801213680/luoyixing/Req_SBT_new/Adapt_Priority/TurnRight_Datalog_Req3_DS_IS_2021_02_17_14_39/VAR.5_Adapt_Priority.TurnRightProblem
2021-02-18 18:47:23,528 [MainThread  ] [INFO ]  Output file (function values): /gpfs/share/home/1801213680/luoyixing/Req_SBT_new/Adapt_Priority/Overtake_Datalog_Req3_DS_IS_2021_02_17_14_34/FUN.5_Adapt_Priority.CarBehindAndInFrontProblem
2021-02-18 18:47:23,534 [MainThread  ] [INFO ]  Output file (variables): /gpfs/share/home/1801213680/luoyixing/Req_SBT_new/Adapt_Priority/Overtake_Datalog_Req3_DS_IS_2021_02_17_14_34/VAR.5_Adapt_Priority.CarBehindAndInFrontProblem
2021-02-18 20:08:34,382 [MainThread  ] [INFO ]  Output file (function values): /gpfs/share/home/1801213680/luoyixing/Req_SBT_new/Adapt_Priority/Overtake_Datalog_Req3_DS_IS_2021_02_17_14_32/FUN.4_Adapt_Priority.CarBehindAndInFrontProblem
2021-02-18 20:08:34,406 [MainThread  ] [INFO ]  Output file (variables): /gpfs/share/home/1801213680/luoyixing/Req_SBT_new/Adapt_Priority/Overtake_Datalog_Req3_DS_IS_2021_02_17_14_32/VAR.4_Adapt_Priority.CarBehindAndInFrontProblem
2021-02-18 20:14:37,301 [MainThread  ] [INFO ]  Output file (function values): /gpfs/share/home/1801213680/luoyixing/Req_SBT_new/Adapt_Priority/TurnRight_Datalog_Req3_DS_IS_2021_02_18_12_35/FUN.0_Adapt_Priority.TurnRightProblem
2021-02-18 20:14:37,308 [MainThread  ] [INFO ]  Output file (variables): /gpfs/share/home/1801213680/luoyixing/Req_SBT_new/Adapt_Priority/TurnRight_Datalog_Req3_DS_IS_2021_02_18_12_35/VAR.0_Adapt_Priority.TurnRightProblem
2021-02-18 21:50:12,716 [MainThread  ] [INFO ]  Output file (function values): /gpfs/share/home/1801213680/luoyixing/Req_SBT_new/Adapt_Priority/TurnRight_Datalog_Req3_DS_IS_2021_02_17_14_39/FUN.6_Adapt_Priority.TurnRightProblem
2021-02-18 21:50:12,728 [MainThread  ] [INFO ]  Output file (variables): /gpfs/share/home/1801213680/luoyixing/Req_SBT_new/Adapt_Priority/TurnRight_Datalog_Req3_DS_IS_2021_02_17_14_39/VAR.6_Adapt_Priority.TurnRightProblem
2021-02-18 22:59:45,573 [MainThread  ] [INFO ]  Output file (function values): /gpfs/share/home/1801213680/luoyixing/Req_SBT_new/Adapt_Priority/Overtake_Datalog_Req3_DS_IS_2021_02_18_15_58/FUN.0_Adapt_Priority.CarBehindAndInFrontProblem
2021-02-18 22:59:45,580 [MainThread  ] [INFO ]  Output file (variables): /gpfs/share/home/1801213680/luoyixing/Req_SBT_new/Adapt_Priority/Overtake_Datalog_Req3_DS_IS_2021_02_18_15_58/VAR.0_Adapt_Priority.CarBehindAndInFrontProblem
2021-02-18 22:59:59,505 [MainThread  ] [INFO ]  Output file (function values): /gpfs/share/home/1801213680/luoyixing/Req_SBT_new/Adapt_Priority/Overtake_Datalog_Req3_DS_IS_2021_02_17_14_34/FUN.6_Adapt_Priority.CarBehindAndInFrontProblem
2021-02-18 22:59:59,512 [MainThread  ] [INFO ]  Output file (variables): /gpfs/share/home/1801213680/luoyixing/Req_SBT_new/Adapt_Priority/Overtake_Datalog_Req3_DS_IS_2021_02_17_14_34/VAR.6_Adapt_Priority.CarBehindAndInFrontProblem
2021-02-19 00:21:41,654 [MainThread  ] [INFO ]  Output file (function values): /gpfs/share/home/1801213680/luoyixing/Req_SBT_new/Adapt_Priority/TurnRight_Datalog_Req3_DS_IS_2021_02_18_12_35/FUN.1_Adapt_Priority.TurnRightProblem
2021-02-19 00:21:41,674 [MainThread  ] [INFO ]  Output file (variables): /gpfs/share/home/1801213680/luoyixing/Req_SBT_new/Adapt_Priority/TurnRight_Datalog_Req3_DS_IS_2021_02_18_12_35/VAR.1_Adapt_Priority.TurnRightProblem
2021-02-19 01:12:35,483 [MainThread  ] [INFO ]  Output file (function values): /gpfs/share/home/1801213680/luoyixing/Req_SBT_new/Adapt_Priority/Overtake_Datalog_Req3_DS_IS_2021_02_17_14_32/FUN.5_Adapt_Priority.CarBehindAndInFrontProblem
2021-02-19 01:12:35,496 [MainThread  ] [INFO ]  Output file (variables): /gpfs/share/home/1801213680/luoyixing/Req_SBT_new/Adapt_Priority/Overtake_Datalog_Req3_DS_IS_2021_02_17_14_32/VAR.5_Adapt_Priority.CarBehindAndInFrontProblem
2021-02-19 02:40:53,266 [MainThread  ] [INFO ]  Output file (function values): /gpfs/share/home/1801213680/luoyixing/Req_SBT_new/Adapt_Priority/Overtake_Datalog_Req3_DS_IS_2021_02_18_15_58/FUN.1_Adapt_Priority.CarBehindAndInFrontProblem
2021-02-19 02:40:53,283 [MainThread  ] [INFO ]  Output file (variables): /gpfs/share/home/1801213680/luoyixing/Req_SBT_new/Adapt_Priority/Overtake_Datalog_Req3_DS_IS_2021_02_18_15_58/VAR.1_Adapt_Priority.CarBehindAndInFrontProblem
2021-02-19 04:12:57,761 [MainThread  ] [INFO ]  Output file (function values): /gpfs/share/home/1801213680/luoyixing/Req_SBT_new/Adapt_Priority/TurnRight_Datalog_Req3_DS_IS_2021_02_18_12_35/FUN.2_Adapt_Priority.TurnRightProblem
2021-02-19 04:12:57,780 [MainThread  ] [INFO ]  Output file (variables): /gpfs/share/home/1801213680/luoyixing/Req_SBT_new/Adapt_Priority/TurnRight_Datalog_Req3_DS_IS_2021_02_18_12_35/VAR.2_Adapt_Priority.TurnRightProblem
2021-02-19 05:02:58,632 [MainThread  ] [INFO ]  Output file (function values): /gpfs/share/home/1801213680/luoyixing/Req_SBT_new/Adapt_Priority/TurnRight_Datalog_Req3_DS_IS_2021_02_18_21_21/FUN.0_Adapt_Priority.TurnRightProblem
2021-02-19 05:02:58,638 [MainThread  ] [INFO ]  Output file (variables): /gpfs/share/home/1801213680/luoyixing/Req_SBT_new/Adapt_Priority/TurnRight_Datalog_Req3_DS_IS_2021_02_18_21_21/VAR.0_Adapt_Priority.TurnRightProblem
2021-02-19 05:28:04,500 [MainThread  ] [INFO ]  Output file (function values): /gpfs/share/home/1801213680/luoyixing/Req_SBT_new/Adapt_Priority/TurnRight_Datalog_Req3_DS_IS_2021_02_18_21_50/FUN.0_Adapt_Priority.TurnRightProblem
2021-02-19 05:28:04,503 [MainThread  ] [INFO ]  Output file (variables): /gpfs/share/home/1801213680/luoyixing/Req_SBT_new/Adapt_Priority/TurnRight_Datalog_Req3_DS_IS_2021_02_18_21_50/VAR.0_Adapt_Priority.TurnRightProblem
2021-02-19 06:31:44,417 [MainThread  ] [INFO ]  Output file (function values): /gpfs/share/home/1801213680/luoyixing/Req_SBT_new/Adapt_Priority/Overtake_Datalog_Req3_DS_IS_2021_02_17_14_32/FUN.6_Adapt_Priority.CarBehindAndInFrontProblem
2021-02-19 06:31:44,438 [MainThread  ] [INFO ]  Output file (variables): /gpfs/share/home/1801213680/luoyixing/Req_SBT_new/Adapt_Priority/Overtake_Datalog_Req3_DS_IS_2021_02_17_14_32/VAR.6_Adapt_Priority.CarBehindAndInFrontProblem
2021-02-19 06:46:44,548 [MainThread  ] [INFO ]  Output file (function values): /gpfs/share/home/1801213680/luoyixing/Req_SBT_new/Adapt_Priority/Overtake_Datalog_Req3_DS_IS_2021_02_18_15_58/FUN.2_Adapt_Priority.CarBehindAndInFrontProblem
2021-02-19 06:46:44,554 [MainThread  ] [INFO ]  Output file (variables): /gpfs/share/home/1801213680/luoyixing/Req_SBT_new/Adapt_Priority/Overtake_Datalog_Req3_DS_IS_2021_02_18_15_58/VAR.2_Adapt_Priority.CarBehindAndInFrontProblem
2021-02-19 07:51:35,580 [MainThread  ] [INFO ]  Output file (function values): /gpfs/share/home/1801213680/luoyixing/Req_SBT_new/Adapt_Priority/TurnRight_Datalog_Req3_DS_IS_2021_02_18_12_35/FUN.3_Adapt_Priority.TurnRightProblem
2021-02-19 07:51:35,583 [MainThread  ] [INFO ]  Output file (variables): /gpfs/share/home/1801213680/luoyixing/Req_SBT_new/Adapt_Priority/TurnRight_Datalog_Req3_DS_IS_2021_02_18_12_35/VAR.3_Adapt_Priority.TurnRightProblem
2021-02-19 08:22:02,396 [MainThread  ] [INFO ]  Output file (function values): /gpfs/share/home/1801213680/luoyixing/Req_SBT_new/Adapt_Priority/Overtake_Datalog_Req3_DS_IS_2021_02_18_22_59/FUN.0_Adapt_Priority.CarBehindAndInFrontProblem
2021-02-19 08:22:02,402 [MainThread  ] [INFO ]  Output file (variables): /gpfs/share/home/1801213680/luoyixing/Req_SBT_new/Adapt_Priority/Overtake_Datalog_Req3_DS_IS_2021_02_18_22_59/VAR.0_Adapt_Priority.CarBehindAndInFrontProblem
2021-02-19 08:57:45,880 [MainThread  ] [INFO ]  Output file (function values): /gpfs/share/home/1801213680/luoyixing/Req_SBT_new/Adapt_Priority/TurnRight_Datalog_Req3_DS_IS_2021_02_18_21_21/FUN.1_Adapt_Priority.TurnRightProblem
2021-02-19 08:57:45,885 [MainThread  ] [INFO ]  Output file (variables): /gpfs/share/home/1801213680/luoyixing/Req_SBT_new/Adapt_Priority/TurnRight_Datalog_Req3_DS_IS_2021_02_18_21_21/VAR.1_Adapt_Priority.TurnRightProblem
2021-02-19 09:29:22,380 [MainThread  ] [INFO ]  Output file (function values): /gpfs/share/home/1801213680/luoyixing/Req_SBT_new/Adapt_Priority/TurnRight_Datalog_Req3_DS_IS_2021_02_18_21_50/FUN.1_Adapt_Priority.TurnRightProblem
2021-02-19 09:29:22,384 [MainThread  ] [INFO ]  Output file (variables): /gpfs/share/home/1801213680/luoyixing/Req_SBT_new/Adapt_Priority/TurnRight_Datalog_Req3_DS_IS_2021_02_18_21_50/VAR.1_Adapt_Priority.TurnRightProblem
2021-02-19 09:55:46,617 [MainThread  ] [INFO ]  Output file (function values): /gpfs/share/home/1801213680/luoyixing/Req_SBT_new/Adapt_Priority/TurnRight_Datalog_Req3_DS_IS_2021_02_18_12_35/FUN.4_Adapt_Priority.TurnRightProblem
2021-02-19 09:55:46,620 [MainThread  ] [INFO ]  Output file (variables): /gpfs/share/home/1801213680/luoyixing/Req_SBT_new/Adapt_Priority/TurnRight_Datalog_Req3_DS_IS_2021_02_18_12_35/VAR.4_Adapt_Priority.TurnRightProblem
2021-02-19 11:23:52,212 [MainThread  ] [INFO ]  Output file (function values): /gpfs/share/home/1801213680/luoyixing/Req_SBT_new/Adapt_Priority/Overtake_Datalog_Req3_DS_IS_2021_02_18_15_58/FUN.3_Adapt_Priority.CarBehindAndInFrontProblem
2021-02-19 11:23:52,216 [MainThread  ] [INFO ]  Output file (variables): /gpfs/share/home/1801213680/luoyixing/Req_SBT_new/Adapt_Priority/Overtake_Datalog_Req3_DS_IS_2021_02_18_15_58/VAR.3_Adapt_Priority.CarBehindAndInFrontProblem
2021-02-19 12:58:08,602 [MainThread  ] [INFO ]  Output file (function values): /gpfs/share/home/1801213680/luoyixing/Req_SBT_new/Adapt_Priority/TurnRight_Datalog_Req3_DS_IS_2021_02_18_21_21/FUN.2_Adapt_Priority.TurnRightProblem
2021-02-19 12:58:08,623 [MainThread  ] [INFO ]  Output file (variables): /gpfs/share/home/1801213680/luoyixing/Req_SBT_new/Adapt_Priority/TurnRight_Datalog_Req3_DS_IS_2021_02_18_21_21/VAR.2_Adapt_Priority.TurnRightProblem
2021-02-19 13:17:11,455 [MainThread  ] [INFO ]  Output file (function values): /gpfs/share/home/1801213680/luoyixing/Req_SBT_new/Adapt_Priority/Overtake_Datalog_Req3_DS_IS_2021_02_18_22_59/FUN.1_Adapt_Priority.CarBehindAndInFrontProblem
2021-02-19 13:17:11,458 [MainThread  ] [INFO ]  Output file (variables): /gpfs/share/home/1801213680/luoyixing/Req_SBT_new/Adapt_Priority/Overtake_Datalog_Req3_DS_IS_2021_02_18_22_59/VAR.1_Adapt_Priority.CarBehindAndInFrontProblem
2021-02-19 13:26:23,260 [MainThread  ] [INFO ]  Output file (function values): /gpfs/share/home/1801213680/luoyixing/Req_SBT_new/Adapt_Priority/TurnRight_Datalog_Req3_DS_IS_2021_02_18_21_50/FUN.2_Adapt_Priority.TurnRightProblem
2021-02-19 13:26:23,267 [MainThread  ] [INFO ]  Output file (variables): /gpfs/share/home/1801213680/luoyixing/Req_SBT_new/Adapt_Priority/TurnRight_Datalog_Req3_DS_IS_2021_02_18_21_50/VAR.2_Adapt_Priority.TurnRightProblem
2021-02-19 13:46:20,262 [MainThread  ] [INFO ]  Output file (function values): /gpfs/share/home/1801213680/luoyixing/Req_SBT_new/Adapt_Priority/TurnRight_Datalog_Req3_DS_IS_2021_02_18_12_35/FUN.5_Adapt_Priority.TurnRightProblem
2021-02-19 13:46:20,265 [MainThread  ] [INFO ]  Output file (variables): /gpfs/share/home/1801213680/luoyixing/Req_SBT_new/Adapt_Priority/TurnRight_Datalog_Req3_DS_IS_2021_02_18_12_35/VAR.5_Adapt_Priority.TurnRightProblem
